<?xml version="1.0" encoding="UTF-8"?>
<!-- Generated by org.testng.reporters.JUnitReportReporter -->
<testsuite hostname="DESKTOP-2ARDBL8" failures="0" tests="1" name="com.sevenrmartsupermarket.tests.AdminUsersTest" time="17.262" errors="0" timestamp="2023-10-16T18:22:55 IST" skipped="0">
  <testcase classname="com.sevenrmartsupermarket.tests.AdminUsersTest" name="verifyUserDeletion" time="17.262"/>
</testsuite> <!-- com.sevenrmartsupermarket.tests.AdminUsersTest -->
