<?xml version="1.0" encoding="UTF-8"?>
<!-- Generated by org.testng.reporters.JUnitReportReporter -->
<testsuite hostname="DESKTOP-2ARDBL8" failures="0" tests="1" name="com.sevenrmartsupermarket.tests.ManagePaymentTest" time="14.807" errors="0" timestamp="2023-10-16T18:17:54 IST" skipped="0">
  <testcase classname="com.sevenrmartsupermarket.tests.ManagePaymentTest" name="editPaymentMethod" time="14.807"/>
</testsuite> <!-- com.sevenrmartsupermarket.tests.ManagePaymentTest -->
