<?xml version="1.0" encoding="UTF-8"?>
<!-- Generated by org.testng.reporters.JUnitReportReporter -->
<testsuite hostname="DESKTOP-2ARDBL8" failures="0" tests="1" name="com.sevenrmartsupermarket.tests.PushNotificationsTest" time="11.649" errors="0" timestamp="2023-10-13T08:37:15 IST" skipped="0">
  <testcase classname="com.sevenrmartsupermarket.tests.PushNotificationsTest" name="verifyPushNotificationsSuccessMessage" time="11.649"/>
</testsuite> <!-- com.sevenrmartsupermarket.tests.PushNotificationsTest -->
