<?xml version="1.0" encoding="UTF-8"?>
<!-- Generated by org.testng.reporters.JUnitReportReporter -->
<testsuite hostname="DESKTOP-2ARDBL8" failures="0" tests="1" name="com.sevenrmartsupermarket.tests.ManageProductTest" time="11.438" errors="0" timestamp="2023-10-15T23:35:09 IST" skipped="0">
  <testcase classname="com.sevenrmartsupermarket.tests.ManageProductTest" name="searchProduct" time="11.438"/>
</testsuite> <!-- com.sevenrmartsupermarket.tests.ManageProductTest -->
